0 info it worked if it ends with ok
1 verbose cli [ 'C:\\Program Files\\nodejs\\\\node.exe',
1 verbose cli   'C:\\Program Files\\nodejs\\node_modules\\npm\\bin\\npm-cli.js',
1 verbose cli   'install',
1 verbose cli   'npm-cli.js' ]
2 info using npm@2.10.1
3 info using node@v0.12.4
4 verbose install initial load of D:\TKPPL\FARM\package.json
5 warn package.json presentation-farm-presentasi@0.0.0 No repository field.
6 warn package.json presentation-farm-presentasi@0.0.0 No license field.
7 verbose installManyTop reading scoped package data from D:\TKPPL\FARM\node_modules\bespoke\package.json
8 verbose installManyTop reading scoped package data from D:\TKPPL\FARM\node_modules\bespoke-backdrop\package.json
9 verbose installManyTop reading scoped package data from D:\TKPPL\FARM\node_modules\bespoke-bullets\package.json
10 verbose installManyTop reading scoped package data from D:\TKPPL\FARM\node_modules\bespoke-hash\package.json
11 verbose installManyTop reading scoped package data from D:\TKPPL\FARM\node_modules\bespoke-keys\package.json
12 verbose installManyTop reading scoped package data from D:\TKPPL\FARM\node_modules\bespoke-progress\package.json
13 verbose installManyTop reading scoped package data from D:\TKPPL\FARM\node_modules\bespoke-scale\package.json
14 verbose installManyTop reading scoped package data from D:\TKPPL\FARM\node_modules\bespoke-theme-cube\package.json
15 verbose installManyTop reading scoped package data from D:\TKPPL\FARM\node_modules\bespoke-touch\package.json
16 verbose installManyTop reading scoped package data from D:\TKPPL\FARM\node_modules\debowerify\package.json
17 verbose installManyTop reading scoped package data from D:\TKPPL\FARM\node_modules\del\package.json
18 verbose installManyTop reading scoped package data from D:\TKPPL\FARM\node_modules\generator-bespoke\package.json
19 verbose installManyTop reading scoped package data from D:\TKPPL\FARM\node_modules\gh-pages\package.json
20 verbose installManyTop reading scoped package data from D:\TKPPL\FARM\node_modules\gulp\package.json
21 verbose installManyTop reading scoped package data from D:\TKPPL\FARM\node_modules\gulp-autoprefixer\package.json
22 verbose installManyTop reading scoped package data from D:\TKPPL\FARM\node_modules\gulp-browserify\package.json
23 verbose installManyTop reading scoped package data from D:\TKPPL\FARM\node_modules\gulp-connect\package.json
24 verbose installManyTop reading scoped package data from D:\TKPPL\FARM\node_modules\gulp-csso\package.json
25 verbose installManyTop reading scoped package data from D:\TKPPL\FARM\node_modules\gulp-jade\package.json
26 verbose installManyTop reading scoped package data from D:\TKPPL\FARM\node_modules\gulp-plumber\package.json
27 verbose installManyTop reading scoped package data from D:\TKPPL\FARM\node_modules\gulp-rename\package.json
28 verbose installManyTop reading scoped package data from D:\TKPPL\FARM\node_modules\gulp-stylus\package.json
29 verbose installManyTop reading scoped package data from D:\TKPPL\FARM\node_modules\gulp-uglify\package.json
30 verbose installManyTop reading scoped package data from D:\TKPPL\FARM\node_modules\gulp-util\package.json
31 verbose installManyTop reading scoped package data from D:\TKPPL\FARM\node_modules\insert-css\package.json
32 verbose installManyTop reading scoped package data from D:\TKPPL\FARM\node_modules\jade\package.json
33 verbose installManyTop reading scoped package data from D:\TKPPL\FARM\node_modules\lodash\package.json
34 verbose installManyTop reading scoped package data from D:\TKPPL\FARM\node_modules\opn\package.json
35 verbose installManyTop reading scoped package data from D:\TKPPL\FARM\node_modules\through\package.json
36 verbose installManyTop reading scoped package data from D:\TKPPL\FARM\node_modules\xtend\package.json
37 verbose installManyTop reading scoped package data from D:\TKPPL\FARM\node_modules\yo\package.json
38 info package.json bespoke@1.0.0 No license field.
39 info package.json bespoke-backdrop@1.0.0 No license field.
40 info package.json bespoke-bullets@1.1.0 No license field.
41 info package.json bespoke-hash@1.0.2 No license field.
42 info package.json bespoke-keys@1.0.0 No license field.
43 info package.json bespoke-progress@1.0.0 No license field.
44 info package.json bespoke-scale@1.0.1 No license field.
45 info package.json bespoke-theme-cube@2.0.1 No license field.
46 info package.json bespoke-touch@1.0.0 No license field.
47 info package.json debowerify@0.7.1 license should be a valid SPDX license expression
48 info package.json generator-bespoke@2.0.2 No license field.
49 info package.json gh-pages@0.2.0 No license field.
50 info package.json gulp-plumber@0.6.6 No license field.
51 info package.json gulp-rename@1.2.2 No license field.
52 info package.json gulp-util@2.2.20 No license field.
53 info package.json xtend@4.0.0 No license field.
54 verbose readDependencies loading dependencies from D:\TKPPL\FARM\package.json
55 silly cache add args [ 'npm-cli.js', null ]
56 verbose cache add spec npm-cli.js
57 silly cache add parsed spec { raw: 'npm-cli.js',
57 silly cache add   scope: null,
57 silly cache add   name: 'npm-cli.js',
57 silly cache add   rawSpec: '',
57 silly cache add   spec: '*',
57 silly cache add   type: 'range' }
58 silly addNamed npm-cli.js@*
59 verbose addNamed "*" is a valid semver range for npm-cli.js
60 silly addNameRange { name: 'npm-cli.js', range: '*', hasData: false }
61 silly mapToRegistry name npm-cli.js
62 silly mapToRegistry using default registry
63 silly mapToRegistry registry https://registry.npmjs.org/
64 silly mapToRegistry uri https://registry.npmjs.org/npm-cli.js
65 verbose addNameRange registry:https://registry.npmjs.org/npm-cli.js not in flight; fetching
66 verbose request uri https://registry.npmjs.org/npm-cli.js
67 verbose request no auth needed
68 info attempt registry request try #1 at 3:18:06 PM
69 verbose request id 2f04ad4332fcfe71
70 http request GET https://registry.npmjs.org/npm-cli.js
71 http 404 https://registry.npmjs.org/npm-cli.js
72 verbose headers { server: 'CouchDB/1.5.0 (Erlang OTP/R16B03)',
72 verbose headers   'content-type': 'application/json',
72 verbose headers   'cache-control': 'max-age=0',
72 verbose headers   'content-length': '51',
72 verbose headers   'accept-ranges': 'bytes',
72 verbose headers   date: 'Tue, 16 Jun 2015 08:18:10 GMT',
72 verbose headers   via: '1.1 varnish',
72 verbose headers   age: '0',
72 verbose headers   connection: 'keep-alive',
72 verbose headers   'x-served-by': 'cache-sin6927-SIN',
72 verbose headers   'x-cache': 'MISS',
72 verbose headers   'x-cache-hits': '0',
72 verbose headers   'x-timer': 'S1434442690.379705,VS0,VE262' }
73 silly get cb [ 404,
73 silly get   { server: 'CouchDB/1.5.0 (Erlang OTP/R16B03)',
73 silly get     'content-type': 'application/json',
73 silly get     'cache-control': 'max-age=0',
73 silly get     'content-length': '51',
73 silly get     'accept-ranges': 'bytes',
73 silly get     date: 'Tue, 16 Jun 2015 08:18:10 GMT',
73 silly get     via: '1.1 varnish',
73 silly get     age: '0',
73 silly get     connection: 'keep-alive',
73 silly get     'x-served-by': 'cache-sin6927-SIN',
73 silly get     'x-cache': 'MISS',
73 silly get     'x-cache-hits': '0',
73 silly get     'x-timer': 'S1434442690.379705,VS0,VE262' } ]
74 verbose stack Error: 404 Not Found: npm-cli.js
74 verbose stack     at CachingRegistryClient.<anonymous> (C:\Program Files\nodejs\node_modules\npm\node_modules\npm-registry-client\lib\request.js:245:14)
74 verbose stack     at Request._callback (C:\Program Files\nodejs\node_modules\npm\node_modules\npm-registry-client\lib\request.js:170:14)
74 verbose stack     at Request.self.callback (C:\Program Files\nodejs\node_modules\npm\node_modules\request\request.js:368:22)
74 verbose stack     at Request.emit (events.js:110:17)
74 verbose stack     at Request.<anonymous> (C:\Program Files\nodejs\node_modules\npm\node_modules\request\request.js:1219:14)
74 verbose stack     at Request.emit (events.js:129:20)
74 verbose stack     at IncomingMessage.<anonymous> (C:\Program Files\nodejs\node_modules\npm\node_modules\request\request.js:1167:12)
74 verbose stack     at IncomingMessage.emit (events.js:129:20)
74 verbose stack     at _stream_readable.js:908:16
74 verbose stack     at process._tickCallback (node.js:355:11)
75 verbose statusCode 404
76 verbose pkgid npm-cli.js
77 verbose cwd D:\TKPPL\FARM
78 error Windows_NT 6.2.9200
79 error argv "C:\\Program Files\\nodejs\\\\node.exe" "C:\\Program Files\\nodejs\\node_modules\\npm\\bin\\npm-cli.js" "install" "npm-cli.js"
80 error node v0.12.4
81 error npm  v2.10.1
82 error code E404
83 error 404 Not Found: npm-cli.js
83 error 404
83 error 404 'npm-cli.js' is not in the npm registry.
83 error 404 You should bug the author to publish it (or use the name yourself!)
83 error 404 It was specified as a dependency of 'presentation-farm-presentasi'
83 error 404
83 error 404 Note that you can also install from a
83 error 404 tarball, folder, http url, or git url.
84 verbose exit [ 1, true ]
